[debug] [2023-02-26T03:33:13.338Z] ----------------------------------------------------------------------
[debug] [2023-02-26T03:33:13.341Z] Command:       C:\node.exe C:\Users\SUZUKI YUSUKE\AppData\Roaming\npm\node_modules\firebase-tools\lib\bin\firebase.js init hosting
[debug] [2023-02-26T03:33:13.342Z] CLI Version:   11.24.0
[debug] [2023-02-26T03:33:13.343Z] Platform:      win32
[debug] [2023-02-26T03:33:13.343Z] Node Version:  v18.14.2
[debug] [2023-02-26T03:33:13.344Z] Time:          Sun Feb 26 2023 10:33:13 GMT+0700 (インドシナ時間)
[debug] [2023-02-26T03:33:13.344Z] ----------------------------------------------------------------------
[debug] 
[debug] [2023-02-26T03:33:13.357Z] > command requires scopes: ["email","openid","https://www.googleapis.com/auth/cloudplatformprojects.readonly","https://www.googleapis.com/auth/firebase","https://www.googleapis.com/auth/cloud-platform"]
[debug] [2023-02-26T03:33:13.358Z] > authorizing via signed-in user (youfulingmu870@gmail.com)
[info] 
     ######## #### ########  ######## ########     ###     ######  ########
     ##        ##  ##     ## ##       ##     ##  ##   ##  ##       ##
     ######    ##  ########  ######   ########  #########  ######  ######
     ##        ##  ##    ##  ##       ##     ## ##     ##       ## ##
     ##       #### ##     ## ######## ########  ##     ##  ######  ########

You're about to initialize a Firebase project in this directory:

  C:\Users\SUZUKI YUSUKE\1gpbl\new4\firebase-node

[info] 
=== Project Setup
[info] 
[info] First, let's associate this project directory with a Firebase project.
[info] You can create multiple project aliases by running firebase use --add, 
[info] but for now we'll just set up a default project.
[info] 
[debug] [2023-02-26T03:33:23.796Z] >>> [apiv2][query] GET https://firebase.googleapis.com/v1beta1/projects pageSize=100
[debug] [2023-02-26T03:33:24.768Z] <<< [apiv2][status] GET https://firebase.googleapis.com/v1beta1/projects 200
[debug] [2023-02-26T03:33:24.769Z] <<< [apiv2][body] GET https://firebase.googleapis.com/v1beta1/projects [omitted]
[info] i  Using project fir-application-9a3af (demo-application) 
[info] 
=== Hosting Setup
[info] 
[info] Your public directory is the folder (relative to your project directory) that
[info] will contain Hosting assets to be uploaded with firebase deploy. If you
[info] have a build process for your assets, use your build's output directory.
[info] 
[debug] [2023-02-26T03:33:58.198Z] >>> [apiv2][query] GET https://www.gstatic.com/firebasejs/releases.json [none]
[debug] [2023-02-26T03:33:58.373Z] <<< [apiv2][status] GET https://www.gstatic.com/firebasejs/releases.json 200
[debug] [2023-02-26T03:33:58.374Z] <<< [apiv2][body] GET https://www.gstatic.com/firebasejs/releases.json {"current":{"version":"9.17.1","browserURL":"https://www.gstatic.com/firebasejs/9.17.1/firebase.js","packageURL":"https://www.gstatic.com/firebasejs/9.17.1/firebase.tgz"},"live":{"version":"9.17","browserURL":"https://www.gstatic.com/firebasejs/live/9.17/firebase.js","packageURL":"https://www.gstatic.com/firebasejs/live/9.17/firebase.tgz"},"components":{"analytics":"https://www.gstatic.com/firebasejs/9.17.1/firebase-analytics.js","app":"https://www.gstatic.com/firebasejs/9.17.1/firebase-app.js","app-check":"https://www.gstatic.com/firebasejs/9.17.1/firebase-app-check.js","auth":"https://www.gstatic.com/firebasejs/9.17.1/firebase-auth.js","auth/cordova":"https://www.gstatic.com/firebasejs/9.17.1/firebase-auth/cordova.js","auth/react-native":"https://www.gstatic.com/firebasejs/9.17.1/firebase-auth/react-native.js","functions":"https://www.gstatic.com/firebasejs/9.17.1/firebase-functions.js","firestore":"https://www.gstatic.com/firebasejs/9.17.1/firebase-firestore.js","firestore/lite":"https://www.gstatic.com/firebasejs/9.17.1/firebase-firestore/lite.js","installations":"https://www.gstatic.com/firebasejs/9.17.1/firebase-installations.js","storage":"https://www.gstatic.com/firebasejs/9.17.1/firebase-storage.js","performance":"https://www.gstatic.com/firebasejs/9.17.1/firebase-performance.js","remote-config":"https://www.gstatic.com/firebasejs/9.17.1/firebase-remote-config.js","messaging":"https://www.gstatic.com/firebasejs/9.17.1/firebase-messaging.js","messaging/sw":"https://www.gstatic.com/firebasejs/9.17.1/firebase-messaging/sw.js","database":"https://www.gstatic.com/firebasejs/9.17.1/firebase-database.js","firestore.memory":"https://www.gstatic.com/firebasejs/9.17.1/firebase-firestore.memory.js"}}
[info] +  Wrote public/index.html 
[info] 
[info] i  Didn't detect a .git folder. Assuming C:\Users\SUZUKI YUSUKE\1gpbl\new4\firebase-node is the project root. 
[info] i  Authorizing with GitHub to upload your service account to a GitHub repository's secrets store. 
[info] 
[info] Visit this URL on this device to log in:
[info] https://github.com/login/oauth/authorize?client_id=89cf50f02ac6aaed3484&state=350928329&redirect_uri=http%3A%2F%2Flocalhost%3A9005&scope=read%3Auser%20repo%20public_repo
[info] 
[info] Waiting for authentication...
[debug] [2023-02-26T03:33:59.572Z] >>> [apiv2][query] POST https://github.com/login/oauth/access_token [none]
[debug] [2023-02-26T03:33:59.572Z] >>> [apiv2][body] POST https://github.com/login/oauth/access_token [stream]
[debug] [2023-02-26T03:34:00.091Z] <<< [apiv2][status] POST https://github.com/login/oauth/access_token 200
[debug] [2023-02-26T03:34:00.092Z] <<< [apiv2][body] POST https://github.com/login/oauth/access_token {"access_token":"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","token_type":"bearer","scope":"read:user,repo"}
[debug] [2023-02-26T03:34:00.105Z] >>> [apiv2][query] GET https://api.github.com/user [none]
[debug] [2023-02-26T03:34:00.590Z] <<< [apiv2][status] GET https://api.github.com/user 200
[debug] [2023-02-26T03:34:00.590Z] <<< [apiv2][body] GET https://api.github.com/user {"login":"yusukerobert","id":83200400,"node_id":"MDQ6VXNlcjgzMjAwNDAw","avatar_url":"https://avatars.githubusercontent.com/u/83200400?v=4","gravatar_id":"","url":"https://api.github.com/users/yusukerobert","html_url":"https://github.com/yusukerobert","followers_url":"https://api.github.com/users/yusukerobert/followers","following_url":"https://api.github.com/users/yusukerobert/following{/other_user}","gists_url":"https://api.github.com/users/yusukerobert/gists{/gist_id}","starred_url":"https://api.github.com/users/yusukerobert/starred{/owner}{/repo}","subscriptions_url":"https://api.github.com/users/yusukerobert/subscriptions","organizations_url":"https://api.github.com/users/yusukerobert/orgs","repos_url":"https://api.github.com/users/yusukerobert/repos","events_url":"https://api.github.com/users/yusukerobert/events{/privacy}","received_events_url":"https://api.github.com/users/yusukerobert/received_events","type":"User","site_admin":false,"name":null,"company":null,"blog":"","location":null,"email":null,"hireable":null,"bio":null,"twitter_username":null,"public_repos":0,"public_gists":0,"followers":0,"following":0,"created_at":"2021-04-26T04:46:26Z","updated_at":"2023-02-21T08:29:38Z","private_gists":0,"total_private_repos":0,"owned_private_repos":0,"disk_usage":0,"collaborators":0,"two_factor_authentication":false,"plan":{"name":"free","space":976562499,"collaborators":0,"private_repos":10000}}
[info] 
[info] +  Success! Logged into GitHub as yusukerobert 
[info] 
[debug] [2023-02-26T03:34:07.765Z] >>> [apiv2][query] GET https://api.github.com/repos//actions/secrets/public-key type=owner
[debug] [2023-02-26T03:34:08.328Z] <<< [apiv2][status] GET https://api.github.com/repos//actions/secrets/public-key 404
[debug] [2023-02-26T03:34:08.328Z] <<< [apiv2][body] GET https://api.github.com/repos//actions/secrets/public-key {"message":"Not Found","documentation_url":"https://docs.github.com/rest"}
[debug] [2023-02-26T03:34:24.941Z] >>> [apiv2][query] GET https://api.github.com/repos/user /actions/secrets/public-key type=owner
[debug] [2023-02-26T03:34:25.432Z] <<< [apiv2][status] GET https://api.github.com/repos/user /actions/secrets/public-key 404
[debug] [2023-02-26T03:34:25.433Z] <<< [apiv2][body] GET https://api.github.com/repos/user /actions/secrets/public-key {"message":"Not Found","documentation_url":"https://docs.github.com/rest"}
[debug] [2023-02-26T03:34:26.046Z] >>> [apiv2][query] GET https://api.github.com/repos/user /actions/secrets/public-key type=owner
[debug] [2023-02-26T03:34:26.462Z] <<< [apiv2][status] GET https://api.github.com/repos/user /actions/secrets/public-key 404
[debug] [2023-02-26T03:34:26.462Z] <<< [apiv2][body] GET https://api.github.com/repos/user /actions/secrets/public-key {"message":"Not Found","documentation_url":"https://docs.github.com/rest"}
[debug] [2023-02-26T03:34:26.570Z] >>> [apiv2][query] GET https://api.github.com/repos/user /actions/secrets/public-key type=owner
[debug] [2023-02-26T03:34:26.699Z] >>> [apiv2][query] GET https://api.github.com/repos//actions/secrets/public-key type=owner
[debug] [2023-02-26T03:34:27.169Z] <<< [apiv2][status] GET https://api.github.com/repos//actions/secrets/public-key 404
[debug] [2023-02-26T03:34:27.170Z] <<< [apiv2][body] GET https://api.github.com/repos//actions/secrets/public-key {"message":"Not Found","documentation_url":"https://docs.github.com/rest"}
[debug] [2023-02-26T03:34:27.227Z] <<< [apiv2][status] GET https://api.github.com/repos/user /actions/secrets/public-key 404
[debug] [2023-02-26T03:34:27.227Z] <<< [apiv2][body] GET https://api.github.com/repos/user /actions/secrets/public-key {"message":"Not Found","documentation_url":"https://docs.github.com/rest"}
[debug] [2023-02-26T03:34:29.038Z] >>> [apiv2][query] GET https://api.github.com/repos//actions/secrets/public-key type=owner
[debug] [2023-02-26T03:34:29.968Z] <<< [apiv2][status] GET https://api.github.com/repos//actions/secrets/public-key 404
[debug] [2023-02-26T03:34:29.968Z] <<< [apiv2][body] GET https://api.github.com/repos//actions/secrets/public-key {"message":"Not Found","documentation_url":"https://docs.github.com/rest"}
[debug] [2023-02-26T03:34:33.207Z] >>> [apiv2][query] GET https://api.github.com/repos//actions/secrets/public-key type=owner
[debug] [2023-02-26T03:34:33.729Z] <<< [apiv2][status] GET https://api.github.com/repos//actions/secrets/public-key 404
[debug] [2023-02-26T03:34:33.730Z] <<< [apiv2][body] GET https://api.github.com/repos//actions/secrets/public-key {"message":"Not Found","documentation_url":"https://docs.github.com/rest"}
[debug] [2023-02-26T03:35:15.984Z] >>> [apiv2][query] GET https://api.github.com/repos/https://qiita.com/seya/items/225f859d775b31047000/actions/secrets/public-key type=owner
[debug] [2023-02-26T03:35:16.527Z] <<< [apiv2][status] GET https://api.github.com/repos/https://qiita.com/seya/items/225f859d775b31047000/actions/secrets/public-key 404
[debug] [2023-02-26T03:35:16.528Z] <<< [apiv2][body] GET https://api.github.com/repos/https://qiita.com/seya/items/225f859d775b31047000/actions/secrets/public-key {"message":"Not Found","documentation_url":"https://docs.github.com/rest"}
[debug] [2023-02-26T03:35:23.607Z] >>> [apiv2][query] GET https://api.github.com/repos/https://qiita.com/seya/items/225f859d775b3104700/actions/secrets/public-key type=owner
[debug] [2023-02-26T03:35:24.322Z] <<< [apiv2][status] GET https://api.github.com/repos/https://qiita.com/seya/items/225f859d775b3104700/actions/secrets/public-key 404
[debug] [2023-02-26T03:35:24.322Z] <<< [apiv2][body] GET https://api.github.com/repos/https://qiita.com/seya/items/225f859d775b3104700/actions/secrets/public-key {"message":"Not Found","documentation_url":"https://docs.github.com/rest"}
[debug] [2023-02-26T03:35:26.668Z] >>> [apiv2][query] GET https://api.github.com/repos/https://qiita.com/seya/items/225f859d775b310470/actions/secrets/public-key type=owner
[debug] [2023-02-26T03:35:26.825Z] >>> [apiv2][query] GET https://api.github.com/repos//actions/secrets/public-key type=owner
[debug] [2023-02-26T03:35:27.262Z] <<< [apiv2][status] GET https://api.github.com/repos//actions/secrets/public-key 404
[debug] [2023-02-26T03:35:27.263Z] <<< [apiv2][body] GET https://api.github.com/repos//actions/secrets/public-key {"message":"Not Found","documentation_url":"https://docs.github.com/rest"}
[debug] [2023-02-26T03:35:27.337Z] <<< [apiv2][status] GET https://api.github.com/repos/https://qiita.com/seya/items/225f859d775b310470/actions/secrets/public-key 404
[debug] [2023-02-26T03:35:27.338Z] <<< [apiv2][body] GET https://api.github.com/repos/https://qiita.com/seya/items/225f859d775b310470/actions/secrets/public-key {"message":"Not Found","documentation_url":"https://docs.github.com/rest"}
[debug] [2023-02-27T02:28:03.335Z] ----------------------------------------------------------------------
[debug] [2023-02-27T02:28:03.337Z] Command:       C:\node.exe C:\Users\SUZUKI YUSUKE\AppData\Roaming\npm\node_modules\firebase-tools\lib\bin\firebase.js init hosting
[debug] [2023-02-27T02:28:03.338Z] CLI Version:   11.24.0
[debug] [2023-02-27T02:28:03.338Z] Platform:      win32
[debug] [2023-02-27T02:28:03.338Z] Node Version:  v18.14.2
[debug] [2023-02-27T02:28:03.347Z] Time:          Mon Feb 27 2023 09:28:03 GMT+0700 (インドシナ時間)
[debug] [2023-02-27T02:28:03.347Z] ----------------------------------------------------------------------
[debug] 
[debug] [2023-02-27T02:28:03.357Z] > command requires scopes: ["email","openid","https://www.googleapis.com/auth/cloudplatformprojects.readonly","https://www.googleapis.com/auth/firebase","https://www.googleapis.com/auth/cloud-platform"]
[debug] [2023-02-27T02:28:03.357Z] > authorizing via signed-in user (youfulingmu870@gmail.com)
[info] 
     ######## #### ########  ######## ########     ###     ######  ########
     ##        ##  ##     ## ##       ##     ##  ##   ##  ##       ##
     ######    ##  ########  ######   ########  #########  ######  ######
     ##        ##  ##    ##  ##       ##     ## ##     ##       ## ##
     ##       #### ##     ## ######## ########  ##     ##  ######  ########

You're about to initialize a Firebase project in this directory:

  C:\Users\SUZUKI YUSUKE\1gpbl\new4\firebase-node

[info] 
=== Project Setup
[info] 
[info] First, let's associate this project directory with a Firebase project.
[info] You can create multiple project aliases by running firebase use --add, 
[info] but for now we'll just set up a default project.
[info] 
[debug] [2023-02-27T02:28:21.574Z] > refreshing access token with scopes: []
[debug] [2023-02-27T02:28:21.578Z] >>> [apiv2][query] POST https://www.googleapis.com/oauth2/v3/token [none]
[debug] [2023-02-27T02:28:21.579Z] >>> [apiv2][body] POST https://www.googleapis.com/oauth2/v3/token [omitted]
[debug] [2023-02-27T02:28:21.922Z] <<< [apiv2][status] POST https://www.googleapis.com/oauth2/v3/token 200
[debug] [2023-02-27T02:28:21.923Z] <<< [apiv2][body] POST https://www.googleapis.com/oauth2/v3/token [omitted]
[debug] [2023-02-27T02:28:21.941Z] >>> [apiv2][query] GET https://firebase.googleapis.com/v1beta1/projects pageSize=100
[debug] [2023-02-27T02:28:22.794Z] <<< [apiv2][status] GET https://firebase.googleapis.com/v1beta1/projects 200
[debug] [2023-02-27T02:28:22.794Z] <<< [apiv2][body] GET https://firebase.googleapis.com/v1beta1/projects [omitted]
[info] i  Using project fir-application-9a3af (demo-application) 
[info] 
=== Hosting Setup
[info] 
[info] Your public directory is the folder (relative to your project directory) that
[info] will contain Hosting assets to be uploaded with firebase deploy. If you
[info] have a build process for your assets, use your build's output directory.
[info] 
[debug] [2023-02-27T02:29:24.499Z] >>> [apiv2][query] GET https://www.gstatic.com/firebasejs/releases.json [none]
[debug] [2023-02-27T02:29:24.773Z] <<< [apiv2][status] GET https://www.gstatic.com/firebasejs/releases.json 200
[debug] [2023-02-27T02:29:24.774Z] <<< [apiv2][body] GET https://www.gstatic.com/firebasejs/releases.json {"current":{"version":"9.17.1","browserURL":"https://www.gstatic.com/firebasejs/9.17.1/firebase.js","packageURL":"https://www.gstatic.com/firebasejs/9.17.1/firebase.tgz"},"live":{"version":"9.17","browserURL":"https://www.gstatic.com/firebasejs/live/9.17/firebase.js","packageURL":"https://www.gstatic.com/firebasejs/live/9.17/firebase.tgz"},"components":{"analytics":"https://www.gstatic.com/firebasejs/9.17.1/firebase-analytics.js","app":"https://www.gstatic.com/firebasejs/9.17.1/firebase-app.js","app-check":"https://www.gstatic.com/firebasejs/9.17.1/firebase-app-check.js","auth":"https://www.gstatic.com/firebasejs/9.17.1/firebase-auth.js","auth/cordova":"https://www.gstatic.com/firebasejs/9.17.1/firebase-auth/cordova.js","auth/react-native":"https://www.gstatic.com/firebasejs/9.17.1/firebase-auth/react-native.js","functions":"https://www.gstatic.com/firebasejs/9.17.1/firebase-functions.js","firestore":"https://www.gstatic.com/firebasejs/9.17.1/firebase-firestore.js","firestore/lite":"https://www.gstatic.com/firebasejs/9.17.1/firebase-firestore/lite.js","installations":"https://www.gstatic.com/firebasejs/9.17.1/firebase-installations.js","storage":"https://www.gstatic.com/firebasejs/9.17.1/firebase-storage.js","performance":"https://www.gstatic.com/firebasejs/9.17.1/firebase-performance.js","remote-config":"https://www.gstatic.com/firebasejs/9.17.1/firebase-remote-config.js","messaging":"https://www.gstatic.com/firebasejs/9.17.1/firebase-messaging.js","messaging/sw":"https://www.gstatic.com/firebasejs/9.17.1/firebase-messaging/sw.js","database":"https://www.gstatic.com/firebasejs/9.17.1/firebase-database.js","firestore.memory":"https://www.gstatic.com/firebasejs/9.17.1/firebase-firestore.memory.js"}}
[info] +  Wrote public/index.html 
[info] 
[info] i  Didn't detect a .git folder. Assuming C:\Users\SUZUKI YUSUKE\1gpbl\new4\firebase-node is the project root. 
[info] i  Authorizing with GitHub to upload your service account to a GitHub repository's secrets store. 
[info] 
[info] Visit this URL on this device to log in:
[info] https://github.com/login/oauth/authorize?client_id=89cf50f02ac6aaed3484&state=880058259&redirect_uri=http%3A%2F%2Flocalhost%3A9005&scope=read%3Auser%20repo%20public_repo
[info] 
[info] Waiting for authentication...
[debug] [2023-02-27T02:29:31.929Z] >>> [apiv2][query] POST https://github.com/login/oauth/access_token [none]
[debug] [2023-02-27T02:29:31.930Z] >>> [apiv2][body] POST https://github.com/login/oauth/access_token [stream]
[debug] [2023-02-27T02:29:32.475Z] <<< [apiv2][status] POST https://github.com/login/oauth/access_token 200
[debug] [2023-02-27T02:29:32.476Z] <<< [apiv2][body] POST https://github.com/login/oauth/access_token {"access_token":"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","token_type":"bearer","scope":"read:user,repo"}
[debug] [2023-02-27T02:29:32.490Z] >>> [apiv2][query] GET https://api.github.com/user [none]
[debug] [2023-02-27T02:29:33.034Z] <<< [apiv2][status] GET https://api.github.com/user 200
[debug] [2023-02-27T02:29:33.035Z] <<< [apiv2][body] GET https://api.github.com/user {"login":"yusukerobert","id":83200400,"node_id":"MDQ6VXNlcjgzMjAwNDAw","avatar_url":"https://avatars.githubusercontent.com/u/83200400?v=4","gravatar_id":"","url":"https://api.github.com/users/yusukerobert","html_url":"https://github.com/yusukerobert","followers_url":"https://api.github.com/users/yusukerobert/followers","following_url":"https://api.github.com/users/yusukerobert/following{/other_user}","gists_url":"https://api.github.com/users/yusukerobert/gists{/gist_id}","starred_url":"https://api.github.com/users/yusukerobert/starred{/owner}{/repo}","subscriptions_url":"https://api.github.com/users/yusukerobert/subscriptions","organizations_url":"https://api.github.com/users/yusukerobert/orgs","repos_url":"https://api.github.com/users/yusukerobert/repos","events_url":"https://api.github.com/users/yusukerobert/events{/privacy}","received_events_url":"https://api.github.com/users/yusukerobert/received_events","type":"User","site_admin":false,"name":null,"company":null,"blog":"","location":null,"email":null,"hireable":null,"bio":null,"twitter_username":null,"public_repos":0,"public_gists":0,"followers":0,"following":0,"created_at":"2021-04-26T04:46:26Z","updated_at":"2023-02-21T08:29:38Z","private_gists":0,"total_private_repos":0,"owned_private_repos":0,"disk_usage":0,"collaborators":0,"two_factor_authentication":false,"plan":{"name":"free","space":976562499,"collaborators":0,"private_repos":10000}}
[info] 
[info] +  Success! Logged into GitHub as yusukerobert 
[info] 
