[debug] [2023-02-24T09:34:03.947Z] ----------------------------------------------------------------------
[debug] [2023-02-24T09:34:03.949Z] Command:       C:\node.exe C:\Users\SUZUKI YUSUKE\AppData\Roaming\npm\node_modules\firebase-tools\lib\bin\firebase.js init
[debug] [2023-02-24T09:34:03.949Z] CLI Version:   11.24.0
[debug] [2023-02-24T09:34:03.949Z] Platform:      win32
[debug] [2023-02-24T09:34:03.950Z] Node Version:  v18.14.2
[debug] [2023-02-24T09:34:03.950Z] Time:          Fri Feb 24 2023 16:34:03 GMT+0700 (インドシナ時間)
[debug] [2023-02-24T09:34:03.951Z] ----------------------------------------------------------------------
[debug] 
[debug] [2023-02-24T09:34:03.958Z] > command requires scopes: ["email","openid","https://www.googleapis.com/auth/cloudplatformprojects.readonly","https://www.googleapis.com/auth/firebase","https://www.googleapis.com/auth/cloud-platform"]
[debug] [2023-02-24T09:34:03.959Z] > authorizing via signed-in user (youfulingmu870@gmail.com)
[info] 
     ######## #### ########  ######## ########     ###     ######  ########
     ##        ##  ##     ## ##       ##     ##  ##   ##  ##       ##
     ######    ##  ########  ######   ########  #########  ######  ######
     ##        ##  ##    ##  ##       ##     ## ##     ##       ## ##
     ##       #### ##     ## ######## ########  ##     ##  ######  ########

You're about to initialize a Firebase project in this directory:

  C:\Users\SUZUKI YUSUKE\1gpbl\new4\myapp

[info] 
=== Project Setup
[info] 
[info] First, let's associate this project directory with a Firebase project.
[info] You can create multiple project aliases by running firebase use --add, 
[info] but for now we'll just set up a default project.
[info] 
[debug] [2023-02-24T09:41:22.699Z] >>> [apiv2][query] GET https://firebase.googleapis.com/v1beta1/projects pageSize=100
[debug] [2023-02-24T09:41:23.942Z] <<< [apiv2][status] GET https://firebase.googleapis.com/v1beta1/projects 200
[debug] [2023-02-24T09:41:23.943Z] <<< [apiv2][body] GET https://firebase.googleapis.com/v1beta1/projects [omitted]
[info] i  Using project fir-application-9a3af (demo-application) 
[info] 
=== Database Setup
[info] i  database: ensuring required API firebasedatabase.googleapis.com is enabled... 
[debug] [2023-02-24T09:41:30.037Z] >>> [apiv2][query] GET https://serviceusage.googleapis.com/v1/projects/fir-application-9a3af/services/firebasedatabase.googleapis.com [none]
[debug] [2023-02-24T09:41:30.037Z] >>> [apiv2][(partial)header] GET https://serviceusage.googleapis.com/v1/projects/fir-application-9a3af/services/firebasedatabase.googleapis.com x-goog-quota-user=projects/fir-application-9a3af
[debug] [2023-02-24T09:41:32.505Z] <<< [apiv2][status] GET https://serviceusage.googleapis.com/v1/projects/fir-application-9a3af/services/firebasedatabase.googleapis.com 200
[debug] [2023-02-24T09:41:32.506Z] <<< [apiv2][body] GET https://serviceusage.googleapis.com/v1/projects/fir-application-9a3af/services/firebasedatabase.googleapis.com [omitted]
[warn] !  database: missing required API firebasedatabase.googleapis.com. Enabling now... 
[debug] [2023-02-24T09:41:32.508Z] >>> [apiv2][query] POST https://serviceusage.googleapis.com/v1/projects/fir-application-9a3af/services/firebasedatabase.googleapis.com:enable [none]
[debug] [2023-02-24T09:41:32.508Z] >>> [apiv2][(partial)header] POST https://serviceusage.googleapis.com/v1/projects/fir-application-9a3af/services/firebasedatabase.googleapis.com:enable x-goog-quota-user=projects/fir-application-9a3af
[debug] [2023-02-24T09:41:34.082Z] <<< [apiv2][status] POST https://serviceusage.googleapis.com/v1/projects/fir-application-9a3af/services/firebasedatabase.googleapis.com:enable 200
[debug] [2023-02-24T09:41:34.082Z] <<< [apiv2][body] POST https://serviceusage.googleapis.com/v1/projects/fir-application-9a3af/services/firebasedatabase.googleapis.com:enable [omitted]
[debug] [2023-02-24T09:41:44.084Z] >>> [apiv2][query] GET https://serviceusage.googleapis.com/v1/projects/fir-application-9a3af/services/firebasedatabase.googleapis.com [none]
[debug] [2023-02-24T09:41:44.084Z] >>> [apiv2][(partial)header] GET https://serviceusage.googleapis.com/v1/projects/fir-application-9a3af/services/firebasedatabase.googleapis.com x-goog-quota-user=projects/fir-application-9a3af
[debug] [2023-02-24T09:41:45.482Z] <<< [apiv2][status] GET https://serviceusage.googleapis.com/v1/projects/fir-application-9a3af/services/firebasedatabase.googleapis.com 200
[debug] [2023-02-24T09:41:45.482Z] <<< [apiv2][body] GET https://serviceusage.googleapis.com/v1/projects/fir-application-9a3af/services/firebasedatabase.googleapis.com [omitted]
[info] +  database: required API firebasedatabase.googleapis.com is enabled 
[info] 
[debug] [2023-02-24T09:41:45.491Z] >>> [apiv2][query] GET https://firebase.googleapis.com/v1beta1/projects/fir-application-9a3af [none]
[debug] [2023-02-24T09:41:46.187Z] <<< [apiv2][status] GET https://firebase.googleapis.com/v1beta1/projects/fir-application-9a3af 200
[debug] [2023-02-24T09:41:46.187Z] <<< [apiv2][body] GET https://firebase.googleapis.com/v1beta1/projects/fir-application-9a3af {"projectId":"fir-application-9a3af","projectNumber":"849658425487","displayName":"demo-application","name":"projects/fir-application-9a3af","resources":{"hostingSite":"fir-application-9a3af"},"state":"ACTIVE","etag":"1_9c805274-b3e2-4bd7-9c0b-48bc9ad43eef"}
[debug] [2023-02-24T09:42:24.477Z] >>> [apiv2][query] POST https://firebasedatabase.googleapis.com/v1beta/projects/fir-application-9a3af/locations/asia-southeast1/instances databaseId=fir-application-9a3af-default-rtdb&validateOnly=true
[debug] [2023-02-24T09:42:24.477Z] >>> [apiv2][body] POST https://firebasedatabase.googleapis.com/v1beta/projects/fir-application-9a3af/locations/asia-southeast1/instances {"type":"default_database"}
[debug] [2023-02-24T09:42:27.572Z] <<< [apiv2][status] POST https://firebasedatabase.googleapis.com/v1beta/projects/fir-application-9a3af/locations/asia-southeast1/instances 200
[debug] [2023-02-24T09:42:27.573Z] <<< [apiv2][body] POST https://firebasedatabase.googleapis.com/v1beta/projects/fir-application-9a3af/locations/asia-southeast1/instances {"name":"projects/849658425487/locations/asia-southeast1/instances/fir-application-9a3af-default-rtdb","project":"projects/849658425487","databaseUrl":"https://fir-application-9a3af-default-rtdb.asia-southeast1.firebasedatabase.app","type":"DEFAULT_DATABASE","state":"ACTIVE"}
[debug] [2023-02-24T09:42:27.576Z] >>> [apiv2][query] POST https://firebasedatabase.googleapis.com/v1beta/projects/fir-application-9a3af/locations/asia-southeast1/instances databaseId=fir-application-9a3af-default-rtdb
[debug] [2023-02-24T09:42:27.576Z] >>> [apiv2][body] POST https://firebasedatabase.googleapis.com/v1beta/projects/fir-application-9a3af/locations/asia-southeast1/instances {"type":"default_database"}
[debug] [2023-02-24T09:42:28.886Z] <<< [apiv2][status] POST https://firebasedatabase.googleapis.com/v1beta/projects/fir-application-9a3af/locations/asia-southeast1/instances 200
[debug] [2023-02-24T09:42:28.886Z] <<< [apiv2][body] POST https://firebasedatabase.googleapis.com/v1beta/projects/fir-application-9a3af/locations/asia-southeast1/instances {"name":"projects/849658425487/locations/asia-southeast1/instances/fir-application-9a3af-default-rtdb","project":"projects/849658425487","databaseUrl":"https://fir-application-9a3af-default-rtdb.asia-southeast1.firebasedatabase.app","type":"DEFAULT_DATABASE","state":"ACTIVE"}
[info] 
[info] Firebase Realtime Database Security Rules allow you to define how your data should be
[info] structured and when your data can be read from and written to.
[info] 
[debug] [2023-02-24T09:43:27.532Z] >>> [apiv2][query] GET https://fir-application-9a3af-default-rtdb.asia-southeast1.firebasedatabase.app/.settings/rules.json [none]
[debug] [2023-02-24T09:43:31.459Z] <<< [apiv2][status] GET https://fir-application-9a3af-default-rtdb.asia-southeast1.firebasedatabase.app/.settings/rules.json 200
[debug] [2023-02-24T09:43:31.459Z] <<< [apiv2][body] GET https://fir-application-9a3af-default-rtdb.asia-southeast1.firebasedatabase.app/.settings/rules.json [stream]
[info] +  Database Rules for fir-application-9a3af-default-rtdb have been written to database.rules.json. 
[info] Future modifications to database.rules.json will update Realtime Database Security Rules when you run
[info] firebase deploy.
[info] 
=== Firestore Setup
[debug] [2023-02-24T09:43:31.469Z] >>> [apiv2][query] GET https://serviceusage.googleapis.com/v1/projects/fir-application-9a3af/services/firestore.googleapis.com [none]
[debug] [2023-02-24T09:43:31.470Z] >>> [apiv2][(partial)header] GET https://serviceusage.googleapis.com/v1/projects/fir-application-9a3af/services/firestore.googleapis.com x-goog-quota-user=projects/fir-application-9a3af
[debug] [2023-02-24T09:43:32.979Z] <<< [apiv2][status] GET https://serviceusage.googleapis.com/v1/projects/fir-application-9a3af/services/firestore.googleapis.com 200
[debug] [2023-02-24T09:43:32.980Z] <<< [apiv2][body] GET https://serviceusage.googleapis.com/v1/projects/fir-application-9a3af/services/firestore.googleapis.com [omitted]
[debug] [2023-02-24T09:43:32.981Z] >>> [apiv2][query] GET https://firestore.googleapis.com/v1/projects/fir-application-9a3af/databases/(default) [none]
[debug] [2023-02-24T09:43:34.519Z] <<< [apiv2][status] GET https://firestore.googleapis.com/v1/projects/fir-application-9a3af/databases/(default) 200
[debug] [2023-02-24T09:43:34.519Z] <<< [apiv2][body] GET https://firestore.googleapis.com/v1/projects/fir-application-9a3af/databases/(default) {"name":"projects/fir-application-9a3af/databases/(default)","uid":"bcd5fa5a-f5fb-4451-9492-a2d8e421f79e","createTime":"2023-02-24T08:08:31.493858Z","updateTime":"2023-02-24T08:08:31.493858Z","locationId":"nam5","type":"FIRESTORE_NATIVE","concurrencyMode":"PESSIMISTIC","appEngineIntegrationMode":"DISABLED","keyPrefix":"s","etag":"INHx9rPvrf0CMN3KoNvlrf0C"}
[debug] [2023-02-24T09:43:34.520Z] database_type: FIRESTORE_NATIVE
[debug] [2023-02-24T09:43:34.521Z] > command requires scopes: ["email","openid","https://www.googleapis.com/auth/cloudplatformprojects.readonly","https://www.googleapis.com/auth/firebase","https://www.googleapis.com/auth/cloud-platform"]
[debug] [2023-02-24T09:43:34.521Z] > authorizing via signed-in user (youfulingmu870@gmail.com)
[debug] [2023-02-24T09:43:34.521Z] [iam] checking project fir-application-9a3af for permissions ["firebase.projects.get"]
[debug] [2023-02-24T09:43:34.522Z] >>> [apiv2][query] POST https://cloudresourcemanager.googleapis.com/v1/projects/fir-application-9a3af:testIamPermissions [none]
[debug] [2023-02-24T09:43:34.522Z] >>> [apiv2][(partial)header] POST https://cloudresourcemanager.googleapis.com/v1/projects/fir-application-9a3af:testIamPermissions x-goog-quota-user=projects/fir-application-9a3af
[debug] [2023-02-24T09:43:34.522Z] >>> [apiv2][body] POST https://cloudresourcemanager.googleapis.com/v1/projects/fir-application-9a3af:testIamPermissions {"permissions":["firebase.projects.get"]}
[debug] [2023-02-24T09:43:37.254Z] <<< [apiv2][status] POST https://cloudresourcemanager.googleapis.com/v1/projects/fir-application-9a3af:testIamPermissions 200
[debug] [2023-02-24T09:43:37.255Z] <<< [apiv2][body] POST https://cloudresourcemanager.googleapis.com/v1/projects/fir-application-9a3af:testIamPermissions {"permissions":["firebase.projects.get"]}
[info] 
[info] Firestore Security Rules allow you to define how and when to allow
[info] requests. You can keep these rules in your project directory
[info] and publish them with firebase deploy.
[info] 
[debug] [2023-02-24T09:43:41.778Z] >>> [apiv2][query] GET https://firebaserules.googleapis.com/v1/projects/fir-application-9a3af/releases pageSize=10&pageToken=
[debug] [2023-02-24T09:43:43.921Z] <<< [apiv2][status] GET https://firebaserules.googleapis.com/v1/projects/fir-application-9a3af/releases 200
[debug] [2023-02-24T09:43:43.922Z] <<< [apiv2][body] GET https://firebaserules.googleapis.com/v1/projects/fir-application-9a3af/releases {}
[debug] [2023-02-24T09:43:43.922Z] No rulesets found, using default.
[info] 
[info] Firestore indexes allow you to perform complex queries while
[info] maintaining performance that scales with the size of the result
[info] set. You can keep index definitions in your project directory
[info] and publish them with firebase deploy.
[info] 
[debug] [2023-02-24T09:44:12.025Z] >>> [apiv2][query] GET https://firestore.googleapis.com/v1/projects/fir-application-9a3af/databases/(default)/collectionGroups/-/indexes [none]
[debug] [2023-02-24T09:44:12.030Z] >>> [apiv2][query] GET https://firestore.googleapis.com/v1/projects/fir-application-9a3af/databases/(default)/collectionGroups/-/fields?filter=indexConfig.usesAncestorConfig=false OR ttlConfig:* [none]
[debug] [2023-02-24T09:44:13.432Z] <<< [apiv2][status] GET https://firestore.googleapis.com/v1/projects/fir-application-9a3af/databases/(default)/collectionGroups/-/fields?filter=indexConfig.usesAncestorConfig=false OR ttlConfig:* 200
[debug] [2023-02-24T09:44:13.433Z] <<< [apiv2][body] GET https://firestore.googleapis.com/v1/projects/fir-application-9a3af/databases/(default)/collectionGroups/-/fields?filter=indexConfig.usesAncestorConfig=false OR ttlConfig:* {"fields":[{"name":"projects/fir-application-9a3af/databases/(default)/collectionGroups/__default__/fields/*","indexConfig":{"indexes":[{"queryScope":"COLLECTION","fields":[{"fieldPath":"*","order":"ASCENDING"}],"state":"READY"},{"queryScope":"COLLECTION","fields":[{"fieldPath":"*","order":"DESCENDING"}],"state":"READY"},{"queryScope":"COLLECTION","fields":[{"fieldPath":"*","arrayConfig":"CONTAINS"}],"state":"READY"}]}}]}
[debug] [2023-02-24T09:44:13.434Z] <<< [apiv2][status] GET https://firestore.googleapis.com/v1/projects/fir-application-9a3af/databases/(default)/collectionGroups/-/indexes 200
[debug] [2023-02-24T09:44:13.435Z] <<< [apiv2][body] GET https://firestore.googleapis.com/v1/projects/fir-application-9a3af/databases/(default)/collectionGroups/-/indexes {}
[info] 
=== Functions Setup
[debug] [2023-02-24T09:44:13.442Z] > command requires scopes: ["email","openid","https://www.googleapis.com/auth/cloudplatformprojects.readonly","https://www.googleapis.com/auth/firebase","https://www.googleapis.com/auth/cloud-platform"]
[debug] [2023-02-24T09:44:13.442Z] > authorizing via signed-in user (youfulingmu870@gmail.com)
[debug] [2023-02-24T09:44:13.442Z] [iam] checking project fir-application-9a3af for permissions ["firebase.projects.get"]
[debug] [2023-02-24T09:44:13.443Z] >>> [apiv2][query] POST https://cloudresourcemanager.googleapis.com/v1/projects/fir-application-9a3af:testIamPermissions [none]
[debug] [2023-02-24T09:44:13.444Z] >>> [apiv2][(partial)header] POST https://cloudresourcemanager.googleapis.com/v1/projects/fir-application-9a3af:testIamPermissions x-goog-quota-user=projects/fir-application-9a3af
[debug] [2023-02-24T09:44:13.444Z] >>> [apiv2][body] POST https://cloudresourcemanager.googleapis.com/v1/projects/fir-application-9a3af:testIamPermissions {"permissions":["firebase.projects.get"]}
[debug] [2023-02-24T09:44:14.420Z] <<< [apiv2][status] POST https://cloudresourcemanager.googleapis.com/v1/projects/fir-application-9a3af:testIamPermissions 200
[debug] [2023-02-24T09:44:14.420Z] <<< [apiv2][body] POST https://cloudresourcemanager.googleapis.com/v1/projects/fir-application-9a3af:testIamPermissions {"permissions":["firebase.projects.get"]}
[debug] [2023-02-24T09:44:14.421Z] >>> [apiv2][query] GET https://serviceusage.googleapis.com/v1/projects/fir-application-9a3af/services/cloudfunctions.googleapis.com [none]
[debug] [2023-02-24T09:44:14.421Z] >>> [apiv2][(partial)header] GET https://serviceusage.googleapis.com/v1/projects/fir-application-9a3af/services/cloudfunctions.googleapis.com x-goog-quota-user=projects/fir-application-9a3af
[debug] [2023-02-24T09:44:14.430Z] >>> [apiv2][query] GET https://serviceusage.googleapis.com/v1/projects/fir-application-9a3af/services/runtimeconfig.googleapis.com [none]
[debug] [2023-02-24T09:44:14.430Z] >>> [apiv2][(partial)header] GET https://serviceusage.googleapis.com/v1/projects/fir-application-9a3af/services/runtimeconfig.googleapis.com x-goog-quota-user=projects/fir-application-9a3af
[debug] [2023-02-24T09:44:15.856Z] <<< [apiv2][status] GET https://serviceusage.googleapis.com/v1/projects/fir-application-9a3af/services/runtimeconfig.googleapis.com 200
[debug] [2023-02-24T09:44:15.857Z] <<< [apiv2][body] GET https://serviceusage.googleapis.com/v1/projects/fir-application-9a3af/services/runtimeconfig.googleapis.com [omitted]
[debug] [2023-02-24T09:44:15.863Z] <<< [apiv2][status] GET https://serviceusage.googleapis.com/v1/projects/fir-application-9a3af/services/cloudfunctions.googleapis.com 200
[debug] [2023-02-24T09:44:15.864Z] <<< [apiv2][body] GET https://serviceusage.googleapis.com/v1/projects/fir-application-9a3af/services/cloudfunctions.googleapis.com [omitted]
[debug] [2023-02-24T09:44:15.865Z] >>> [apiv2][query] POST https://serviceusage.googleapis.com/v1/projects/fir-application-9a3af/services/cloudfunctions.googleapis.com:enable [none]
[debug] [2023-02-24T09:44:15.865Z] >>> [apiv2][(partial)header] POST https://serviceusage.googleapis.com/v1/projects/fir-application-9a3af/services/cloudfunctions.googleapis.com:enable x-goog-quota-user=projects/fir-application-9a3af
[debug] [2023-02-24T09:44:17.484Z] <<< [apiv2][status] POST https://serviceusage.googleapis.com/v1/projects/fir-application-9a3af/services/cloudfunctions.googleapis.com:enable 200
[debug] [2023-02-24T09:44:17.485Z] <<< [apiv2][body] POST https://serviceusage.googleapis.com/v1/projects/fir-application-9a3af/services/cloudfunctions.googleapis.com:enable [omitted]
[debug] [2023-02-24T09:44:27.501Z] >>> [apiv2][query] GET https://serviceusage.googleapis.com/v1/projects/fir-application-9a3af/services/cloudfunctions.googleapis.com [none]
[debug] [2023-02-24T09:44:27.502Z] >>> [apiv2][(partial)header] GET https://serviceusage.googleapis.com/v1/projects/fir-application-9a3af/services/cloudfunctions.googleapis.com x-goog-quota-user=projects/fir-application-9a3af
[debug] [2023-02-24T09:44:28.916Z] <<< [apiv2][status] GET https://serviceusage.googleapis.com/v1/projects/fir-application-9a3af/services/cloudfunctions.googleapis.com 200
[debug] [2023-02-24T09:44:28.917Z] <<< [apiv2][body] GET https://serviceusage.googleapis.com/v1/projects/fir-application-9a3af/services/cloudfunctions.googleapis.com [omitted]
[info] Let's create a new codebase for your functions.
[info] A directory corresponding to the codebase will be created in your project
[info] with sample code pre-configured.

[info] See https://firebase.google.com/docs/functions/organize-functions for
[info] more information on organizing your functions using codebases.

[info] Functions can be deployed with firebase deploy.

[info] +  Wrote functions/package.json 
[info] +  Wrote functions/.eslintrc.js 
[info] +  Wrote functions/index.js 
[info] +  Wrote functions/.gitignore 
[info] 
=== Hosting Setup
[info] 
[info] Your public directory is the folder (relative to your project directory) that
[info] will contain Hosting assets to be uploaded with firebase deploy. If you
[info] have a build process for your assets, use your build's output directory.
[info] 
[info] +  Wrote public/404.html 
[debug] [2023-02-24T09:50:03.016Z] >>> [apiv2][query] GET https://www.gstatic.com/firebasejs/releases.json [none]
[debug] [2023-02-24T09:50:03.554Z] <<< [apiv2][status] GET https://www.gstatic.com/firebasejs/releases.json 200
[debug] [2023-02-24T09:50:03.555Z] <<< [apiv2][body] GET https://www.gstatic.com/firebasejs/releases.json {"current":{"version":"9.17.1","browserURL":"https://www.gstatic.com/firebasejs/9.17.1/firebase.js","packageURL":"https://www.gstatic.com/firebasejs/9.17.1/firebase.tgz"},"live":{"version":"9.17","browserURL":"https://www.gstatic.com/firebasejs/live/9.17/firebase.js","packageURL":"https://www.gstatic.com/firebasejs/live/9.17/firebase.tgz"},"components":{"analytics":"https://www.gstatic.com/firebasejs/9.17.1/firebase-analytics.js","app":"https://www.gstatic.com/firebasejs/9.17.1/firebase-app.js","app-check":"https://www.gstatic.com/firebasejs/9.17.1/firebase-app-check.js","auth":"https://www.gstatic.com/firebasejs/9.17.1/firebase-auth.js","auth/cordova":"https://www.gstatic.com/firebasejs/9.17.1/firebase-auth/cordova.js","auth/react-native":"https://www.gstatic.com/firebasejs/9.17.1/firebase-auth/react-native.js","functions":"https://www.gstatic.com/firebasejs/9.17.1/firebase-functions.js","firestore":"https://www.gstatic.com/firebasejs/9.17.1/firebase-firestore.js","firestore/lite":"https://www.gstatic.com/firebasejs/9.17.1/firebase-firestore/lite.js","installations":"https://www.gstatic.com/firebasejs/9.17.1/firebase-installations.js","storage":"https://www.gstatic.com/firebasejs/9.17.1/firebase-storage.js","performance":"https://www.gstatic.com/firebasejs/9.17.1/firebase-performance.js","remote-config":"https://www.gstatic.com/firebasejs/9.17.1/firebase-remote-config.js","messaging":"https://www.gstatic.com/firebasejs/9.17.1/firebase-messaging.js","messaging/sw":"https://www.gstatic.com/firebasejs/9.17.1/firebase-messaging/sw.js","database":"https://www.gstatic.com/firebasejs/9.17.1/firebase-database.js","firestore.memory":"https://www.gstatic.com/firebasejs/9.17.1/firebase-firestore.memory.js"}}
[info] +  Wrote public/index.html 
[info] 
[info] i  Didn't detect a .git folder. Assuming C:\Users\SUZUKI YUSUKE\1gpbl\new4\myapp is the project root. 
[info] i  Authorizing with GitHub to upload your service account to a GitHub repository's secrets store. 
[info] 
[info] Visit this URL on this device to log in:
[info] https://github.com/login/oauth/authorize?client_id=89cf50f02ac6aaed3484&state=312798324&redirect_uri=http%3A%2F%2Flocalhost%3A9005&scope=read%3Auser%20repo%20public_repo
[info] 
[info] Waiting for authentication...
[debug] [2023-02-24T09:55:21.904Z] >>> [apiv2][query] POST https://github.com/login/oauth/access_token [none]
[debug] [2023-02-24T09:55:21.904Z] >>> [apiv2][body] POST https://github.com/login/oauth/access_token [stream]
[debug] [2023-02-24T09:55:22.732Z] <<< [apiv2][status] POST https://github.com/login/oauth/access_token 200
[debug] [2023-02-24T09:55:22.733Z] <<< [apiv2][body] POST https://github.com/login/oauth/access_token {"access_token":"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","token_type":"bearer","scope":"read:user,repo"}
[debug] [2023-02-24T09:55:22.750Z] >>> [apiv2][query] GET https://api.github.com/user [none]
[debug] [2023-02-24T09:55:23.530Z] <<< [apiv2][status] GET https://api.github.com/user 200
[debug] [2023-02-24T09:55:23.530Z] <<< [apiv2][body] GET https://api.github.com/user {"login":"yusukerobert","id":83200400,"node_id":"MDQ6VXNlcjgzMjAwNDAw","avatar_url":"https://avatars.githubusercontent.com/u/83200400?v=4","gravatar_id":"","url":"https://api.github.com/users/yusukerobert","html_url":"https://github.com/yusukerobert","followers_url":"https://api.github.com/users/yusukerobert/followers","following_url":"https://api.github.com/users/yusukerobert/following{/other_user}","gists_url":"https://api.github.com/users/yusukerobert/gists{/gist_id}","starred_url":"https://api.github.com/users/yusukerobert/starred{/owner}{/repo}","subscriptions_url":"https://api.github.com/users/yusukerobert/subscriptions","organizations_url":"https://api.github.com/users/yusukerobert/orgs","repos_url":"https://api.github.com/users/yusukerobert/repos","events_url":"https://api.github.com/users/yusukerobert/events{/privacy}","received_events_url":"https://api.github.com/users/yusukerobert/received_events","type":"User","site_admin":false,"name":null,"company":null,"blog":"","location":null,"email":null,"hireable":null,"bio":null,"twitter_username":null,"public_repos":0,"public_gists":0,"followers":0,"following":0,"created_at":"2021-04-26T04:46:26Z","updated_at":"2023-02-21T08:29:38Z","private_gists":0,"total_private_repos":0,"owned_private_repos":0,"disk_usage":0,"collaborators":0,"two_factor_authentication":false,"plan":{"name":"free","space":976562499,"collaborators":0,"private_repos":10000}}
[info] 
[info] +  Success! Logged into GitHub as yusukerobert 
[info] 
[debug] [2023-02-24T09:55:59.184Z] >>> [apiv2][query] GET https://api.github.com/repos//actions/secrets/public-key type=owner
[debug] [2023-02-24T09:55:59.741Z] <<< [apiv2][status] GET https://api.github.com/repos//actions/secrets/public-key 404
[debug] [2023-02-24T09:55:59.741Z] <<< [apiv2][body] GET https://api.github.com/repos//actions/secrets/public-key {"message":"Not Found","documentation_url":"https://docs.github.com/rest"}
[debug] [2023-02-24T09:56:00.339Z] >>> [apiv2][query] GET https://api.github.com/repos//actions/secrets/public-key type=owner
[debug] [2023-02-24T09:56:00.901Z] <<< [apiv2][status] GET https://api.github.com/repos//actions/secrets/public-key 404
[debug] [2023-02-24T09:56:00.902Z] <<< [apiv2][body] GET https://api.github.com/repos//actions/secrets/public-key {"message":"Not Found","documentation_url":"https://docs.github.com/rest"}
